The system is: Linux - 2.6.32-504.16.2.el6.x86_64 - x86_64
Compiling the C compiler identification source file "CMakeCCompilerId.c" succeeded.
Compiler: /usr/local/GCC/4.9.1/bin/gcc 
Build flags: 
Id flags: 

The output was:
0


Compilation of the C compiler identification source "CMakeCCompilerId.c" produced "a.out"

The C compiler identification is GNU, found in "/data/ruida/hed-globalweight/python/CMakeFiles/3.4.3/CompilerIdC/a.out"

Compiling the CXX compiler identification source file "CMakeCXXCompilerId.cpp" succeeded.
Compiler: /usr/local/GCC/4.9.1/bin/g++ 
Build flags: 
Id flags: 

The output was:
0


Compilation of the CXX compiler identification source "CMakeCXXCompilerId.cpp" produced "a.out"

The CXX compiler identification is GNU, found in "/data/ruida/hed-globalweight/python/CMakeFiles/3.4.3/CompilerIdCXX/a.out"

Determining if the C compiler works passed with the following output:
Change Dir: /data/ruida/hed-globalweight/python/CMakeFiles/CMakeTmp

Run Build Command:"/usr/bin/gmake" "cmTC_8c6f1/fast"
/usr/bin/gmake -f CMakeFiles/cmTC_8c6f1.dir/build.make CMakeFiles/cmTC_8c6f1.dir/build
gmake[1]: Entering directory `/spin1/users/ruida/hed-globalweight/python/CMakeFiles/CMakeTmp'
Building C object CMakeFiles/cmTC_8c6f1.dir/testCCompiler.c.o
/usr/local/GCC/4.9.1/bin/gcc     -o CMakeFiles/cmTC_8c6f1.dir/testCCompiler.c.o   -c /data/ruida/hed-globalweight/python/CMakeFiles/CMakeTmp/testCCompiler.c
Linking C executable cmTC_8c6f1
/spin1/sys2/usrlocal/Cmake/3.4.3/bin/cmake -E cmake_link_script CMakeFiles/cmTC_8c6f1.dir/link.txt --verbose=1
/usr/local/GCC/4.9.1/bin/gcc       CMakeFiles/cmTC_8c6f1.dir/testCCompiler.c.o  -o cmTC_8c6f1 -rdynamic 
gmake[1]: Leaving directory `/spin1/users/ruida/hed-globalweight/python/CMakeFiles/CMakeTmp'


Detecting C compiler ABI info compiled with the following output:
Change Dir: /data/ruida/hed-globalweight/python/CMakeFiles/CMakeTmp

Run Build Command:"/usr/bin/gmake" "cmTC_7363b/fast"
/usr/bin/gmake -f CMakeFiles/cmTC_7363b.dir/build.make CMakeFiles/cmTC_7363b.dir/build
gmake[1]: Entering directory `/spin1/users/ruida/hed-globalweight/python/CMakeFiles/CMakeTmp'
Building C object CMakeFiles/cmTC_7363b.dir/CMakeCCompilerABI.c.o
/usr/local/GCC/4.9.1/bin/gcc     -o CMakeFiles/cmTC_7363b.dir/CMakeCCompilerABI.c.o   -c /spin1/sys2/usrlocal/Cmake/3.4.3/share/cmake-3.4/Modules/CMakeCCompilerABI.c
Linking C executable cmTC_7363b
/spin1/sys2/usrlocal/Cmake/3.4.3/bin/cmake -E cmake_link_script CMakeFiles/cmTC_7363b.dir/link.txt --verbose=1
/usr/local/GCC/4.9.1/bin/gcc      -v CMakeFiles/cmTC_7363b.dir/CMakeCCompilerABI.c.o  -o cmTC_7363b -rdynamic  
Using built-in specs.
COLLECT_GCC=/usr/local/GCC/4.9.1/bin/gcc
COLLECT_LTO_WRAPPER=/spin1/sys2/usrlocal/GCC/4.9.1/bin/../libexec/gcc/x86_64-redhat-linux/4.9.1/lto-wrapper
Target: x86_64-redhat-linux
Configured with: /usr/local/src/gcc/gcc-4.9.1/configure --prefix=/usr/local/GCC/4.9.1 --enable-bootstrap --enable-shared --enable-threads=posix --enable-checking=release --enable-languages=c,c++,objc,obj-c++,java,fortran,go,lto --with-system-zlib --enable-__cxa_atexit --with-tune=generic --build=x86_64-redhat-linux
Thread model: posix
gcc version 4.9.1 (GCC) 
COMPILER_PATH=/spin1/sys2/usrlocal/GCC/4.9.1/bin/../libexec/gcc/x86_64-redhat-linux/4.9.1/:/spin1/sys2/usrlocal/GCC/4.9.1/bin/../libexec/gcc/:/spin1/sys2/usrlocal/GCC/4.9.1/bin/../lib/gcc/x86_64-redhat-linux/4.9.1/../../../../x86_64-redhat-linux/bin/
LIBRARY_PATH=/spin1/sys2/usrlocal/GCC/4.9.1/bin/../lib/gcc/x86_64-redhat-linux/4.9.1/:/spin1/sys2/usrlocal/GCC/4.9.1/bin/../lib/gcc/:/spin1/sys2/usrlocal/GCC/4.9.1/bin/../lib/gcc/x86_64-redhat-linux/4.9.1/../../../../lib64/:/lib/../lib64/:/usr/lib/../lib64/:/usr/local/ATLAS/3.10.2/lib/:/usr/local/FFTW/3.3.4/gnu/lib/:/spin1/sys2/usrlocal/GCC/4.9.1/bin/../lib/gcc/x86_64-redhat-linux/4.9.1/../../../../x86_64-redhat-linux/lib/:/spin1/sys2/usrlocal/GCC/4.9.1/bin/../lib/gcc/x86_64-redhat-linux/4.9.1/../../../:/lib/:/usr/lib/
COLLECT_GCC_OPTIONS='-v' '-o' 'cmTC_7363b' '-rdynamic' '-mtune=generic' '-march=x86-64'
 /spin1/sys2/usrlocal/GCC/4.9.1/bin/../libexec/gcc/x86_64-redhat-linux/4.9.1/collect2 -plugin /spin1/sys2/usrlocal/GCC/4.9.1/bin/../libexec/gcc/x86_64-redhat-linux/4.9.1/liblto_plugin.so -plugin-opt=/spin1/sys2/usrlocal/GCC/4.9.1/bin/../libexec/gcc/x86_64-redhat-linux/4.9.1/lto-wrapper -plugin-opt=-fresolution=/tmp/ccKUdq8R.res -plugin-opt=-pass-through=-lgcc -plugin-opt=-pass-through=-lgcc_s -plugin-opt=-pass-through=-lc -plugin-opt=-pass-through=-lgcc -plugin-opt=-pass-through=-lgcc_s --eh-frame-hdr -m elf_x86_64 -export-dynamic -dynamic-linker /lib64/ld-linux-x86-64.so.2 -o cmTC_7363b /usr/lib/../lib64/crt1.o /usr/lib/../lib64/crti.o /spin1/sys2/usrlocal/GCC/4.9.1/bin/../lib/gcc/x86_64-redhat-linux/4.9.1/crtbegin.o -L/spin1/sys2/usrlocal/GCC/4.9.1/bin/../lib/gcc/x86_64-redhat-linux/4.9.1 -L/spin1/sys2/usrlocal/GCC/4.9.1/bin/../lib/gcc -L/spin1/sys2/usrlocal/GCC/4.9.1/bin/../lib/gcc/x86_64-redhat-linux/4.9.1/../../../../lib64 -L/lib/../lib64 -L/usr/lib/../lib64 -L/usr/local/ATLAS/3.10.2/lib -L/usr/local/FFTW/3.3.4/gnu/lib -L/spin1/sys2/usrlocal/GCC/4.9.1/bin/../lib/gcc/x86_64-redhat-linux/4.9.1/../../../../x86_64-redhat-linux/lib -L/spin1/sys2/usrlocal/GCC/4.9.1/bin/../lib/gcc/x86_64-redhat-linux/4.9.1/../../.. CMakeFiles/cmTC_7363b.dir/CMakeCCompilerABI.c.o -lgcc --as-needed -lgcc_s --no-as-needed -lc -lgcc --as-needed -lgcc_s --no-as-needed /spin1/sys2/usrlocal/GCC/4.9.1/bin/../lib/gcc/x86_64-redhat-linux/4.9.1/crtend.o /usr/lib/../lib64/crtn.o
gmake[1]: Leaving directory `/spin1/users/ruida/hed-globalweight/python/CMakeFiles/CMakeTmp'


Parsed C implicit link information from above output:
  link line regex: [^( *|.*[/\])(ld|([^/\]+-)?ld|collect2)[^/\]*( |$)]
  ignore line: [Change Dir: /data/ruida/hed-globalweight/python/CMakeFiles/CMakeTmp]
  ignore line: []
  ignore line: [Run Build Command:"/usr/bin/gmake" "cmTC_7363b/fast"]
  ignore line: [/usr/bin/gmake -f CMakeFiles/cmTC_7363b.dir/build.make CMakeFiles/cmTC_7363b.dir/build]
  ignore line: [gmake[1]: Entering directory `/spin1/users/ruida/hed-globalweight/python/CMakeFiles/CMakeTmp']
  ignore line: [Building C object CMakeFiles/cmTC_7363b.dir/CMakeCCompilerABI.c.o]
  ignore line: [/usr/local/GCC/4.9.1/bin/gcc     -o CMakeFiles/cmTC_7363b.dir/CMakeCCompilerABI.c.o   -c /spin1/sys2/usrlocal/Cmake/3.4.3/share/cmake-3.4/Modules/CMakeCCompilerABI.c]
  ignore line: [Linking C executable cmTC_7363b]
  ignore line: [/spin1/sys2/usrlocal/Cmake/3.4.3/bin/cmake -E cmake_link_script CMakeFiles/cmTC_7363b.dir/link.txt --verbose=1]
  ignore line: [/usr/local/GCC/4.9.1/bin/gcc      -v CMakeFiles/cmTC_7363b.dir/CMakeCCompilerABI.c.o  -o cmTC_7363b -rdynamic  ]
  ignore line: [Using built-in specs.]
  ignore line: [COLLECT_GCC=/usr/local/GCC/4.9.1/bin/gcc]
  ignore line: [COLLECT_LTO_WRAPPER=/spin1/sys2/usrlocal/GCC/4.9.1/bin/../libexec/gcc/x86_64-redhat-linux/4.9.1/lto-wrapper]
  ignore line: [Target: x86_64-redhat-linux]
  ignore line: [Configured with: /usr/local/src/gcc/gcc-4.9.1/configure --prefix=/usr/local/GCC/4.9.1 --enable-bootstrap --enable-shared --enable-threads=posix --enable-checking=release --enable-languages=c,c++,objc,obj-c++,java,fortran,go,lto --with-system-zlib --enable-__cxa_atexit --with-tune=generic --build=x86_64-redhat-linux]
  ignore line: [Thread model: posix]
  ignore line: [gcc version 4.9.1 (GCC) ]
  ignore line: [COMPILER_PATH=/spin1/sys2/usrlocal/GCC/4.9.1/bin/../libexec/gcc/x86_64-redhat-linux/4.9.1/:/spin1/sys2/usrlocal/GCC/4.9.1/bin/../libexec/gcc/:/spin1/sys2/usrlocal/GCC/4.9.1/bin/../lib/gcc/x86_64-redhat-linux/4.9.1/../../../../x86_64-redhat-linux/bin/]
  ignore line: [LIBRARY_PATH=/spin1/sys2/usrlocal/GCC/4.9.1/bin/../lib/gcc/x86_64-redhat-linux/4.9.1/:/spin1/sys2/usrlocal/GCC/4.9.1/bin/../lib/gcc/:/spin1/sys2/usrlocal/GCC/4.9.1/bin/../lib/gcc/x86_64-redhat-linux/4.9.1/../../../../lib64/:/lib/../lib64/:/usr/lib/../lib64/:/usr/local/ATLAS/3.10.2/lib/:/usr/local/FFTW/3.3.4/gnu/lib/:/spin1/sys2/usrlocal/GCC/4.9.1/bin/../lib/gcc/x86_64-redhat-linux/4.9.1/../../../../x86_64-redhat-linux/lib/:/spin1/sys2/usrlocal/GCC/4.9.1/bin/../lib/gcc/x86_64-redhat-linux/4.9.1/../../../:/lib/:/usr/lib/]
  ignore line: [COLLECT_GCC_OPTIONS='-v' '-o' 'cmTC_7363b' '-rdynamic' '-mtune=generic' '-march=x86-64']
  link line: [ /spin1/sys2/usrlocal/GCC/4.9.1/bin/../libexec/gcc/x86_64-redhat-linux/4.9.1/collect2 -plugin /spin1/sys2/usrlocal/GCC/4.9.1/bin/../libexec/gcc/x86_64-redhat-linux/4.9.1/liblto_plugin.so -plugin-opt=/spin1/sys2/usrlocal/GCC/4.9.1/bin/../libexec/gcc/x86_64-redhat-linux/4.9.1/lto-wrapper -plugin-opt=-fresolution=/tmp/ccKUdq8R.res -plugin-opt=-pass-through=-lgcc -plugin-opt=-pass-through=-lgcc_s -plugin-opt=-pass-through=-lc -plugin-opt=-pass-through=-lgcc -plugin-opt=-pass-through=-lgcc_s --eh-frame-hdr -m elf_x86_64 -export-dynamic -dynamic-linker /lib64/ld-linux-x86-64.so.2 -o cmTC_7363b /usr/lib/../lib64/crt1.o /usr/lib/../lib64/crti.o /spin1/sys2/usrlocal/GCC/4.9.1/bin/../lib/gcc/x86_64-redhat-linux/4.9.1/crtbegin.o -L/spin1/sys2/usrlocal/GCC/4.9.1/bin/../lib/gcc/x86_64-redhat-linux/4.9.1 -L/spin1/sys2/usrlocal/GCC/4.9.1/bin/../lib/gcc -L/spin1/sys2/usrlocal/GCC/4.9.1/bin/../lib/gcc/x86_64-redhat-linux/4.9.1/../../../../lib64 -L/lib/../lib64 -L/usr/lib/../lib64 -L/usr/local/ATLAS/3.10.2/lib -L/usr/local/FFTW/3.3.4/gnu/lib -L/spin1/sys2/usrlocal/GCC/4.9.1/bin/../lib/gcc/x86_64-redhat-linux/4.9.1/../../../../x86_64-redhat-linux/lib -L/spin1/sys2/usrlocal/GCC/4.9.1/bin/../lib/gcc/x86_64-redhat-linux/4.9.1/../../.. CMakeFiles/cmTC_7363b.dir/CMakeCCompilerABI.c.o -lgcc --as-needed -lgcc_s --no-as-needed -lc -lgcc --as-needed -lgcc_s --no-as-needed /spin1/sys2/usrlocal/GCC/4.9.1/bin/../lib/gcc/x86_64-redhat-linux/4.9.1/crtend.o /usr/lib/../lib64/crtn.o]
    arg [/spin1/sys2/usrlocal/GCC/4.9.1/bin/../libexec/gcc/x86_64-redhat-linux/4.9.1/collect2] ==> ignore
    arg [-plugin] ==> ignore
    arg [/spin1/sys2/usrlocal/GCC/4.9.1/bin/../libexec/gcc/x86_64-redhat-linux/4.9.1/liblto_plugin.so] ==> ignore
    arg [-plugin-opt=/spin1/sys2/usrlocal/GCC/4.9.1/bin/../libexec/gcc/x86_64-redhat-linux/4.9.1/lto-wrapper] ==> ignore
    arg [-plugin-opt=-fresolution=/tmp/ccKUdq8R.res] ==> ignore
    arg [-plugin-opt=-pass-through=-lgcc] ==> ignore
    arg [-plugin-opt=-pass-through=-lgcc_s] ==> ignore
    arg [-plugin-opt=-pass-through=-lc] ==> ignore
    arg [-plugin-opt=-pass-through=-lgcc] ==> ignore
    arg [-plugin-opt=-pass-through=-lgcc_s] ==> ignore
    arg [--eh-frame-hdr] ==> ignore
    arg [-m] ==> ignore
    arg [elf_x86_64] ==> ignore
    arg [-export-dynamic] ==> ignore
    arg [-dynamic-linker] ==> ignore
    arg [/lib64/ld-linux-x86-64.so.2] ==> ignore
    arg [-o] ==> ignore
    arg [cmTC_7363b] ==> ignore
    arg [/usr/lib/../lib64/crt1.o] ==> ignore
    arg [/usr/lib/../lib64/crti.o] ==> ignore
    arg [/spin1/sys2/usrlocal/GCC/4.9.1/bin/../lib/gcc/x86_64-redhat-linux/4.9.1/crtbegin.o] ==> ignore
    arg [-L/spin1/sys2/usrlocal/GCC/4.9.1/bin/../lib/gcc/x86_64-redhat-linux/4.9.1] ==> dir [/spin1/sys2/usrlocal/GCC/4.9.1/bin/../lib/gcc/x86_64-redhat-linux/4.9.1]
    arg [-L/spin1/sys2/usrlocal/GCC/4.9.1/bin/../lib/gcc] ==> dir [/spin1/sys2/usrlocal/GCC/4.9.1/bin/../lib/gcc]
    arg [-L/spin1/sys2/usrlocal/GCC/4.9.1/bin/../lib/gcc/x86_64-redhat-linux/4.9.1/../../../../lib64] ==> dir [/spin1/sys2/usrlocal/GCC/4.9.1/bin/../lib/gcc/x86_64-redhat-linux/4.9.1/../../../../lib64]
    arg [-L/lib/../lib64] ==> dir [/lib/../lib64]
    arg [-L/usr/lib/../lib64] ==> dir [/usr/lib/../lib64]
    arg [-L/usr/local/ATLAS/3.10.2/lib] ==> dir [/usr/local/ATLAS/3.10.2/lib]
    arg [-L/usr/local/FFTW/3.3.4/gnu/lib] ==> dir [/usr/local/FFTW/3.3.4/gnu/lib]
    arg [-L/spin1/sys2/usrlocal/GCC/4.9.1/bin/../lib/gcc/x86_64-redhat-linux/4.9.1/../../../../x86_64-redhat-linux/lib] ==> dir [/spin1/sys2/usrlocal/GCC/4.9.1/bin/../lib/gcc/x86_64-redhat-linux/4.9.1/../../../../x86_64-redhat-linux/lib]
    arg [-L/spin1/sys2/usrlocal/GCC/4.9.1/bin/../lib/gcc/x86_64-redhat-linux/4.9.1/../../..] ==> dir [/spin1/sys2/usrlocal/GCC/4.9.1/bin/../lib/gcc/x86_64-redhat-linux/4.9.1/../../..]
    arg [CMakeFiles/cmTC_7363b.dir/CMakeCCompilerABI.c.o] ==> ignore
    arg [-lgcc] ==> lib [gcc]
    arg [--as-needed] ==> ignore
    arg [-lgcc_s] ==> lib [gcc_s]
    arg [--no-as-needed] ==> ignore
    arg [-lc] ==> lib [c]
    arg [-lgcc] ==> lib [gcc]
    arg [--as-needed] ==> ignore
    arg [-lgcc_s] ==> lib [gcc_s]
    arg [--no-as-needed] ==> ignore
    arg [/spin1/sys2/usrlocal/GCC/4.9.1/bin/../lib/gcc/x86_64-redhat-linux/4.9.1/crtend.o] ==> ignore
    arg [/usr/lib/../lib64/crtn.o] ==> ignore
  remove lib [gcc]
  remove lib [gcc_s]
  remove lib [gcc]
  remove lib [gcc_s]
  collapse library dir [/spin1/sys2/usrlocal/GCC/4.9.1/bin/../lib/gcc/x86_64-redhat-linux/4.9.1] ==> [/spin1/sys2/usrlocal/GCC/4.9.1/lib/gcc/x86_64-redhat-linux/4.9.1]
  collapse library dir [/spin1/sys2/usrlocal/GCC/4.9.1/bin/../lib/gcc] ==> [/spin1/sys2/usrlocal/GCC/4.9.1/lib/gcc]
  collapse library dir [/spin1/sys2/usrlocal/GCC/4.9.1/bin/../lib/gcc/x86_64-redhat-linux/4.9.1/../../../../lib64] ==> [/spin1/sys2/usrlocal/GCC/4.9.1/lib64]
  collapse library dir [/lib/../lib64] ==> [/lib64]
  collapse library dir [/usr/lib/../lib64] ==> [/usr/lib64]
  collapse library dir [/usr/local/ATLAS/3.10.2/lib] ==> [/usr/local/ATLAS/3.10.2/lib]
  collapse library dir [/usr/local/FFTW/3.3.4/gnu/lib] ==> [/usr/local/FFTW/3.3.4/gnu/lib]
  collapse library dir [/spin1/sys2/usrlocal/GCC/4.9.1/bin/../lib/gcc/x86_64-redhat-linux/4.9.1/../../../../x86_64-redhat-linux/lib] ==> [/spin1/sys2/usrlocal/GCC/4.9.1/x86_64-redhat-linux/lib]
  collapse library dir [/spin1/sys2/usrlocal/GCC/4.9.1/bin/../lib/gcc/x86_64-redhat-linux/4.9.1/../../..] ==> [/spin1/sys2/usrlocal/GCC/4.9.1/lib]
  implicit libs: [c]
  implicit dirs: [/spin1/sys2/usrlocal/GCC/4.9.1/lib/gcc/x86_64-redhat-linux/4.9.1;/spin1/sys2/usrlocal/GCC/4.9.1/lib/gcc;/spin1/sys2/usrlocal/GCC/4.9.1/lib64;/lib64;/usr/lib64;/usr/local/ATLAS/3.10.2/lib;/usr/local/FFTW/3.3.4/gnu/lib;/spin1/sys2/usrlocal/GCC/4.9.1/x86_64-redhat-linux/lib;/spin1/sys2/usrlocal/GCC/4.9.1/lib]
  implicit fwks: []




Detecting C [-std=c11] compiler features compiled with the following output:
Change Dir: /data/ruida/hed-globalweight/python/CMakeFiles/CMakeTmp

Run Build Command:"/usr/bin/gmake" "cmTC_dacb6/fast"
/usr/bin/gmake -f CMakeFiles/cmTC_dacb6.dir/build.make CMakeFiles/cmTC_dacb6.dir/build
gmake[1]: Entering directory `/spin1/users/ruida/hed-globalweight/python/CMakeFiles/CMakeTmp'
Building C object CMakeFiles/cmTC_dacb6.dir/feature_tests.c.o
/usr/local/GCC/4.9.1/bin/gcc    -std=c11 -o CMakeFiles/cmTC_dacb6.dir/feature_tests.c.o   -c /data/ruida/hed-globalweight/python/CMakeFiles/feature_tests.c
Linking C executable cmTC_dacb6
/spin1/sys2/usrlocal/Cmake/3.4.3/bin/cmake -E cmake_link_script CMakeFiles/cmTC_dacb6.dir/link.txt --verbose=1
/usr/local/GCC/4.9.1/bin/gcc       CMakeFiles/cmTC_dacb6.dir/feature_tests.c.o  -o cmTC_dacb6 -rdynamic 
gmake[1]: Leaving directory `/spin1/users/ruida/hed-globalweight/python/CMakeFiles/CMakeTmp'


    Feature record: C_FEATURE:1c_function_prototypes
    Feature record: C_FEATURE:1c_restrict
    Feature record: C_FEATURE:1c_static_assert
    Feature record: C_FEATURE:1c_variadic_macros


Detecting C [-std=c99] compiler features compiled with the following output:
Change Dir: /data/ruida/hed-globalweight/python/CMakeFiles/CMakeTmp

Run Build Command:"/usr/bin/gmake" "cmTC_a7575/fast"
/usr/bin/gmake -f CMakeFiles/cmTC_a7575.dir/build.make CMakeFiles/cmTC_a7575.dir/build
gmake[1]: Entering directory `/spin1/users/ruida/hed-globalweight/python/CMakeFiles/CMakeTmp'
Building C object CMakeFiles/cmTC_a7575.dir/feature_tests.c.o
/usr/local/GCC/4.9.1/bin/gcc    -std=c99 -o CMakeFiles/cmTC_a7575.dir/feature_tests.c.o   -c /data/ruida/hed-globalweight/python/CMakeFiles/feature_tests.c
Linking C executable cmTC_a7575
/spin1/sys2/usrlocal/Cmake/3.4.3/bin/cmake -E cmake_link_script CMakeFiles/cmTC_a7575.dir/link.txt --verbose=1
/usr/local/GCC/4.9.1/bin/gcc       CMakeFiles/cmTC_a7575.dir/feature_tests.c.o  -o cmTC_a7575 -rdynamic 
gmake[1]: Leaving directory `/spin1/users/ruida/hed-globalweight/python/CMakeFiles/CMakeTmp'


    Feature record: C_FEATURE:1c_function_prototypes
    Feature record: C_FEATURE:1c_restrict
    Feature record: C_FEATURE:0c_static_assert
    Feature record: C_FEATURE:1c_variadic_macros


Detecting C [-std=c90] compiler features compiled with the following output:
Change Dir: /data/ruida/hed-globalweight/python/CMakeFiles/CMakeTmp

Run Build Command:"/usr/bin/gmake" "cmTC_d293f/fast"
/usr/bin/gmake -f CMakeFiles/cmTC_d293f.dir/build.make CMakeFiles/cmTC_d293f.dir/build
gmake[1]: Entering directory `/spin1/users/ruida/hed-globalweight/python/CMakeFiles/CMakeTmp'
Building C object CMakeFiles/cmTC_d293f.dir/feature_tests.c.o
/usr/local/GCC/4.9.1/bin/gcc    -std=c90 -o CMakeFiles/cmTC_d293f.dir/feature_tests.c.o   -c /data/ruida/hed-globalweight/python/CMakeFiles/feature_tests.c
Linking C executable cmTC_d293f
/spin1/sys2/usrlocal/Cmake/3.4.3/bin/cmake -E cmake_link_script CMakeFiles/cmTC_d293f.dir/link.txt --verbose=1
/usr/local/GCC/4.9.1/bin/gcc       CMakeFiles/cmTC_d293f.dir/feature_tests.c.o  -o cmTC_d293f -rdynamic 
gmake[1]: Leaving directory `/spin1/users/ruida/hed-globalweight/python/CMakeFiles/CMakeTmp'


    Feature record: C_FEATURE:1c_function_prototypes
    Feature record: C_FEATURE:0c_restrict
    Feature record: C_FEATURE:0c_static_assert
    Feature record: C_FEATURE:0c_variadic_macros
Determining if the CXX compiler works passed with the following output:
Change Dir: /data/ruida/hed-globalweight/python/CMakeFiles/CMakeTmp

Run Build Command:"/usr/bin/gmake" "cmTC_4c2a4/fast"
/usr/bin/gmake -f CMakeFiles/cmTC_4c2a4.dir/build.make CMakeFiles/cmTC_4c2a4.dir/build
gmake[1]: Entering directory `/spin1/users/ruida/hed-globalweight/python/CMakeFiles/CMakeTmp'
Building CXX object CMakeFiles/cmTC_4c2a4.dir/testCXXCompiler.cxx.o
/usr/local/GCC/4.9.1/bin/g++      -o CMakeFiles/cmTC_4c2a4.dir/testCXXCompiler.cxx.o -c /data/ruida/hed-globalweight/python/CMakeFiles/CMakeTmp/testCXXCompiler.cxx
Linking CXX executable cmTC_4c2a4
/spin1/sys2/usrlocal/Cmake/3.4.3/bin/cmake -E cmake_link_script CMakeFiles/cmTC_4c2a4.dir/link.txt --verbose=1
/usr/local/GCC/4.9.1/bin/g++        CMakeFiles/cmTC_4c2a4.dir/testCXXCompiler.cxx.o  -o cmTC_4c2a4 -rdynamic 
gmake[1]: Leaving directory `/spin1/users/ruida/hed-globalweight/python/CMakeFiles/CMakeTmp'


Detecting CXX compiler ABI info compiled with the following output:
Change Dir: /data/ruida/hed-globalweight/python/CMakeFiles/CMakeTmp

Run Build Command:"/usr/bin/gmake" "cmTC_ba4d4/fast"
/usr/bin/gmake -f CMakeFiles/cmTC_ba4d4.dir/build.make CMakeFiles/cmTC_ba4d4.dir/build
gmake[1]: Entering directory `/spin1/users/ruida/hed-globalweight/python/CMakeFiles/CMakeTmp'
Building CXX object CMakeFiles/cmTC_ba4d4.dir/CMakeCXXCompilerABI.cpp.o
/usr/local/GCC/4.9.1/bin/g++      -o CMakeFiles/cmTC_ba4d4.dir/CMakeCXXCompilerABI.cpp.o -c /spin1/sys2/usrlocal/Cmake/3.4.3/share/cmake-3.4/Modules/CMakeCXXCompilerABI.cpp
Linking CXX executable cmTC_ba4d4
/spin1/sys2/usrlocal/Cmake/3.4.3/bin/cmake -E cmake_link_script CMakeFiles/cmTC_ba4d4.dir/link.txt --verbose=1
/usr/local/GCC/4.9.1/bin/g++       -v CMakeFiles/cmTC_ba4d4.dir/CMakeCXXCompilerABI.cpp.o  -o cmTC_ba4d4 -rdynamic  
Using built-in specs.
COLLECT_GCC=/usr/local/GCC/4.9.1/bin/g++
COLLECT_LTO_WRAPPER=/spin1/sys2/usrlocal/GCC/4.9.1/bin/../libexec/gcc/x86_64-redhat-linux/4.9.1/lto-wrapper
Target: x86_64-redhat-linux
Configured with: /usr/local/src/gcc/gcc-4.9.1/configure --prefix=/usr/local/GCC/4.9.1 --enable-bootstrap --enable-shared --enable-threads=posix --enable-checking=release --enable-languages=c,c++,objc,obj-c++,java,fortran,go,lto --with-system-zlib --enable-__cxa_atexit --with-tune=generic --build=x86_64-redhat-linux
Thread model: posix
gcc version 4.9.1 (GCC) 
COMPILER_PATH=/spin1/sys2/usrlocal/GCC/4.9.1/bin/../libexec/gcc/x86_64-redhat-linux/4.9.1/:/spin1/sys2/usrlocal/GCC/4.9.1/bin/../libexec/gcc/:/spin1/sys2/usrlocal/GCC/4.9.1/bin/../lib/gcc/x86_64-redhat-linux/4.9.1/../../../../x86_64-redhat-linux/bin/
LIBRARY_PATH=/spin1/sys2/usrlocal/GCC/4.9.1/bin/../lib/gcc/x86_64-redhat-linux/4.9.1/:/spin1/sys2/usrlocal/GCC/4.9.1/bin/../lib/gcc/:/spin1/sys2/usrlocal/GCC/4.9.1/bin/../lib/gcc/x86_64-redhat-linux/4.9.1/../../../../lib64/:/lib/../lib64/:/usr/lib/../lib64/:/usr/local/ATLAS/3.10.2/lib/:/usr/local/FFTW/3.3.4/gnu/lib/:/spin1/sys2/usrlocal/GCC/4.9.1/bin/../lib/gcc/x86_64-redhat-linux/4.9.1/../../../../x86_64-redhat-linux/lib/:/spin1/sys2/usrlocal/GCC/4.9.1/bin/../lib/gcc/x86_64-redhat-linux/4.9.1/../../../:/lib/:/usr/lib/
COLLECT_GCC_OPTIONS='-v' '-o' 'cmTC_ba4d4' '-rdynamic' '-shared-libgcc' '-mtune=generic' '-march=x86-64'
 /spin1/sys2/usrlocal/GCC/4.9.1/bin/../libexec/gcc/x86_64-redhat-linux/4.9.1/collect2 -plugin /spin1/sys2/usrlocal/GCC/4.9.1/bin/../libexec/gcc/x86_64-redhat-linux/4.9.1/liblto_plugin.so -plugin-opt=/spin1/sys2/usrlocal/GCC/4.9.1/bin/../libexec/gcc/x86_64-redhat-linux/4.9.1/lto-wrapper -plugin-opt=-fresolution=/tmp/ccMg8zk8.res -plugin-opt=-pass-through=-lgcc_s -plugin-opt=-pass-through=-lgcc -plugin-opt=-pass-through=-lc -plugin-opt=-pass-through=-lgcc_s -plugin-opt=-pass-through=-lgcc --eh-frame-hdr -m elf_x86_64 -export-dynamic -dynamic-linker /lib64/ld-linux-x86-64.so.2 -o cmTC_ba4d4 /usr/lib/../lib64/crt1.o /usr/lib/../lib64/crti.o /spin1/sys2/usrlocal/GCC/4.9.1/bin/../lib/gcc/x86_64-redhat-linux/4.9.1/crtbegin.o -L/spin1/sys2/usrlocal/GCC/4.9.1/bin/../lib/gcc/x86_64-redhat-linux/4.9.1 -L/spin1/sys2/usrlocal/GCC/4.9.1/bin/../lib/gcc -L/spin1/sys2/usrlocal/GCC/4.9.1/bin/../lib/gcc/x86_64-redhat-linux/4.9.1/../../../../lib64 -L/lib/../lib64 -L/usr/lib/../lib64 -L/usr/local/ATLAS/3.10.2/lib -L/usr/local/FFTW/3.3.4/gnu/lib -L/spin1/sys2/usrlocal/GCC/4.9.1/bin/../lib/gcc/x86_64-redhat-linux/4.9.1/../../../../x86_64-redhat-linux/lib -L/spin1/sys2/usrlocal/GCC/4.9.1/bin/../lib/gcc/x86_64-redhat-linux/4.9.1/../../.. CMakeFiles/cmTC_ba4d4.dir/CMakeCXXCompilerABI.cpp.o -lstdc++ -lm -lgcc_s -lgcc -lc -lgcc_s -lgcc /spin1/sys2/usrlocal/GCC/4.9.1/bin/../lib/gcc/x86_64-redhat-linux/4.9.1/crtend.o /usr/lib/../lib64/crtn.o
gmake[1]: Leaving directory `/spin1/users/ruida/hed-globalweight/python/CMakeFiles/CMakeTmp'


Parsed CXX implicit link information from above output:
  link line regex: [^( *|.*[/\])(ld|([^/\]+-)?ld|collect2)[^/\]*( |$)]
  ignore line: [Change Dir: /data/ruida/hed-globalweight/python/CMakeFiles/CMakeTmp]
  ignore line: []
  ignore line: [Run Build Command:"/usr/bin/gmake" "cmTC_ba4d4/fast"]
  ignore line: [/usr/bin/gmake -f CMakeFiles/cmTC_ba4d4.dir/build.make CMakeFiles/cmTC_ba4d4.dir/build]
  ignore line: [gmake[1]: Entering directory `/spin1/users/ruida/hed-globalweight/python/CMakeFiles/CMakeTmp']
  ignore line: [Building CXX object CMakeFiles/cmTC_ba4d4.dir/CMakeCXXCompilerABI.cpp.o]
  ignore line: [/usr/local/GCC/4.9.1/bin/g++      -o CMakeFiles/cmTC_ba4d4.dir/CMakeCXXCompilerABI.cpp.o -c /spin1/sys2/usrlocal/Cmake/3.4.3/share/cmake-3.4/Modules/CMakeCXXCompilerABI.cpp]
  ignore line: [Linking CXX executable cmTC_ba4d4]
  ignore line: [/spin1/sys2/usrlocal/Cmake/3.4.3/bin/cmake -E cmake_link_script CMakeFiles/cmTC_ba4d4.dir/link.txt --verbose=1]
  ignore line: [/usr/local/GCC/4.9.1/bin/g++       -v CMakeFiles/cmTC_ba4d4.dir/CMakeCXXCompilerABI.cpp.o  -o cmTC_ba4d4 -rdynamic  ]
  ignore line: [Using built-in specs.]
  ignore line: [COLLECT_GCC=/usr/local/GCC/4.9.1/bin/g++]
  ignore line: [COLLECT_LTO_WRAPPER=/spin1/sys2/usrlocal/GCC/4.9.1/bin/../libexec/gcc/x86_64-redhat-linux/4.9.1/lto-wrapper]
  ignore line: [Target: x86_64-redhat-linux]
  ignore line: [Configured with: /usr/local/src/gcc/gcc-4.9.1/configure --prefix=/usr/local/GCC/4.9.1 --enable-bootstrap --enable-shared --enable-threads=posix --enable-checking=release --enable-languages=c,c++,objc,obj-c++,java,fortran,go,lto --with-system-zlib --enable-__cxa_atexit --with-tune=generic --build=x86_64-redhat-linux]
  ignore line: [Thread model: posix]
  ignore line: [gcc version 4.9.1 (GCC) ]
  ignore line: [COMPILER_PATH=/spin1/sys2/usrlocal/GCC/4.9.1/bin/../libexec/gcc/x86_64-redhat-linux/4.9.1/:/spin1/sys2/usrlocal/GCC/4.9.1/bin/../libexec/gcc/:/spin1/sys2/usrlocal/GCC/4.9.1/bin/../lib/gcc/x86_64-redhat-linux/4.9.1/../../../../x86_64-redhat-linux/bin/]
  ignore line: [LIBRARY_PATH=/spin1/sys2/usrlocal/GCC/4.9.1/bin/../lib/gcc/x86_64-redhat-linux/4.9.1/:/spin1/sys2/usrlocal/GCC/4.9.1/bin/../lib/gcc/:/spin1/sys2/usrlocal/GCC/4.9.1/bin/../lib/gcc/x86_64-redhat-linux/4.9.1/../../../../lib64/:/lib/../lib64/:/usr/lib/../lib64/:/usr/local/ATLAS/3.10.2/lib/:/usr/local/FFTW/3.3.4/gnu/lib/:/spin1/sys2/usrlocal/GCC/4.9.1/bin/../lib/gcc/x86_64-redhat-linux/4.9.1/../../../../x86_64-redhat-linux/lib/:/spin1/sys2/usrlocal/GCC/4.9.1/bin/../lib/gcc/x86_64-redhat-linux/4.9.1/../../../:/lib/:/usr/lib/]
  ignore line: [COLLECT_GCC_OPTIONS='-v' '-o' 'cmTC_ba4d4' '-rdynamic' '-shared-libgcc' '-mtune=generic' '-march=x86-64']
  link line: [ /spin1/sys2/usrlocal/GCC/4.9.1/bin/../libexec/gcc/x86_64-redhat-linux/4.9.1/collect2 -plugin /spin1/sys2/usrlocal/GCC/4.9.1/bin/../libexec/gcc/x86_64-redhat-linux/4.9.1/liblto_plugin.so -plugin-opt=/spin1/sys2/usrlocal/GCC/4.9.1/bin/../libexec/gcc/x86_64-redhat-linux/4.9.1/lto-wrapper -plugin-opt=-fresolution=/tmp/ccMg8zk8.res -plugin-opt=-pass-through=-lgcc_s -plugin-opt=-pass-through=-lgcc -plugin-opt=-pass-through=-lc -plugin-opt=-pass-through=-lgcc_s -plugin-opt=-pass-through=-lgcc --eh-frame-hdr -m elf_x86_64 -export-dynamic -dynamic-linker /lib64/ld-linux-x86-64.so.2 -o cmTC_ba4d4 /usr/lib/../lib64/crt1.o /usr/lib/../lib64/crti.o /spin1/sys2/usrlocal/GCC/4.9.1/bin/../lib/gcc/x86_64-redhat-linux/4.9.1/crtbegin.o -L/spin1/sys2/usrlocal/GCC/4.9.1/bin/../lib/gcc/x86_64-redhat-linux/4.9.1 -L/spin1/sys2/usrlocal/GCC/4.9.1/bin/../lib/gcc -L/spin1/sys2/usrlocal/GCC/4.9.1/bin/../lib/gcc/x86_64-redhat-linux/4.9.1/../../../../lib64 -L/lib/../lib64 -L/usr/lib/../lib64 -L/usr/local/ATLAS/3.10.2/lib -L/usr/local/FFTW/3.3.4/gnu/lib -L/spin1/sys2/usrlocal/GCC/4.9.1/bin/../lib/gcc/x86_64-redhat-linux/4.9.1/../../../../x86_64-redhat-linux/lib -L/spin1/sys2/usrlocal/GCC/4.9.1/bin/../lib/gcc/x86_64-redhat-linux/4.9.1/../../.. CMakeFiles/cmTC_ba4d4.dir/CMakeCXXCompilerABI.cpp.o -lstdc++ -lm -lgcc_s -lgcc -lc -lgcc_s -lgcc /spin1/sys2/usrlocal/GCC/4.9.1/bin/../lib/gcc/x86_64-redhat-linux/4.9.1/crtend.o /usr/lib/../lib64/crtn.o]
    arg [/spin1/sys2/usrlocal/GCC/4.9.1/bin/../libexec/gcc/x86_64-redhat-linux/4.9.1/collect2] ==> ignore
    arg [-plugin] ==> ignore
    arg [/spin1/sys2/usrlocal/GCC/4.9.1/bin/../libexec/gcc/x86_64-redhat-linux/4.9.1/liblto_plugin.so] ==> ignore
    arg [-plugin-opt=/spin1/sys2/usrlocal/GCC/4.9.1/bin/../libexec/gcc/x86_64-redhat-linux/4.9.1/lto-wrapper] ==> ignore
    arg [-plugin-opt=-fresolution=/tmp/ccMg8zk8.res] ==> ignore
    arg [-plugin-opt=-pass-through=-lgcc_s] ==> ignore
    arg [-plugin-opt=-pass-through=-lgcc] ==> ignore
    arg [-plugin-opt=-pass-through=-lc] ==> ignore
    arg [-plugin-opt=-pass-through=-lgcc_s] ==> ignore
    arg [-plugin-opt=-pass-through=-lgcc] ==> ignore
    arg [--eh-frame-hdr] ==> ignore
    arg [-m] ==> ignore
    arg [elf_x86_64] ==> ignore
    arg [-export-dynamic] ==> ignore
    arg [-dynamic-linker] ==> ignore
    arg [/lib64/ld-linux-x86-64.so.2] ==> ignore
    arg [-o] ==> ignore
    arg [cmTC_ba4d4] ==> ignore
    arg [/usr/lib/../lib64/crt1.o] ==> ignore
    arg [/usr/lib/../lib64/crti.o] ==> ignore
    arg [/spin1/sys2/usrlocal/GCC/4.9.1/bin/../lib/gcc/x86_64-redhat-linux/4.9.1/crtbegin.o] ==> ignore
    arg [-L/spin1/sys2/usrlocal/GCC/4.9.1/bin/../lib/gcc/x86_64-redhat-linux/4.9.1] ==> dir [/spin1/sys2/usrlocal/GCC/4.9.1/bin/../lib/gcc/x86_64-redhat-linux/4.9.1]
    arg [-L/spin1/sys2/usrlocal/GCC/4.9.1/bin/../lib/gcc] ==> dir [/spin1/sys2/usrlocal/GCC/4.9.1/bin/../lib/gcc]
    arg [-L/spin1/sys2/usrlocal/GCC/4.9.1/bin/../lib/gcc/x86_64-redhat-linux/4.9.1/../../../../lib64] ==> dir [/spin1/sys2/usrlocal/GCC/4.9.1/bin/../lib/gcc/x86_64-redhat-linux/4.9.1/../../../../lib64]
    arg [-L/lib/../lib64] ==> dir [/lib/../lib64]
    arg [-L/usr/lib/../lib64] ==> dir [/usr/lib/../lib64]
    arg [-L/usr/local/ATLAS/3.10.2/lib] ==> dir [/usr/local/ATLAS/3.10.2/lib]
    arg [-L/usr/local/FFTW/3.3.4/gnu/lib] ==> dir [/usr/local/FFTW/3.3.4/gnu/lib]
    arg [-L/spin1/sys2/usrlocal/GCC/4.9.1/bin/../lib/gcc/x86_64-redhat-linux/4.9.1/../../../../x86_64-redhat-linux/lib] ==> dir [/spin1/sys2/usrlocal/GCC/4.9.1/bin/../lib/gcc/x86_64-redhat-linux/4.9.1/../../../../x86_64-redhat-linux/lib]
    arg [-L/spin1/sys2/usrlocal/GCC/4.9.1/bin/../lib/gcc/x86_64-redhat-linux/4.9.1/../../..] ==> dir [/spin1/sys2/usrlocal/GCC/4.9.1/bin/../lib/gcc/x86_64-redhat-linux/4.9.1/../../..]
    arg [CMakeFiles/cmTC_ba4d4.dir/CMakeCXXCompilerABI.cpp.o] ==> ignore
    arg [-lstdc++] ==> lib [stdc++]
    arg [-lm] ==> lib [m]
    arg [-lgcc_s] ==> lib [gcc_s]
    arg [-lgcc] ==> lib [gcc]
    arg [-lc] ==> lib [c]
    arg [-lgcc_s] ==> lib [gcc_s]
    arg [-lgcc] ==> lib [gcc]
    arg [/spin1/sys2/usrlocal/GCC/4.9.1/bin/../lib/gcc/x86_64-redhat-linux/4.9.1/crtend.o] ==> ignore
    arg [/usr/lib/../lib64/crtn.o] ==> ignore
  remove lib [gcc_s]
  remove lib [gcc]
  remove lib [gcc_s]
  remove lib [gcc]
  collapse library dir [/spin1/sys2/usrlocal/GCC/4.9.1/bin/../lib/gcc/x86_64-redhat-linux/4.9.1] ==> [/spin1/sys2/usrlocal/GCC/4.9.1/lib/gcc/x86_64-redhat-linux/4.9.1]
  collapse library dir [/spin1/sys2/usrlocal/GCC/4.9.1/bin/../lib/gcc] ==> [/spin1/sys2/usrlocal/GCC/4.9.1/lib/gcc]
  collapse library dir [/spin1/sys2/usrlocal/GCC/4.9.1/bin/../lib/gcc/x86_64-redhat-linux/4.9.1/../../../../lib64] ==> [/spin1/sys2/usrlocal/GCC/4.9.1/lib64]
  collapse library dir [/lib/../lib64] ==> [/lib64]
  collapse library dir [/usr/lib/../lib64] ==> [/usr/lib64]
  collapse library dir [/usr/local/ATLAS/3.10.2/lib] ==> [/usr/local/ATLAS/3.10.2/lib]
  collapse library dir [/usr/local/FFTW/3.3.4/gnu/lib] ==> [/usr/local/FFTW/3.3.4/gnu/lib]
  collapse library dir [/spin1/sys2/usrlocal/GCC/4.9.1/bin/../lib/gcc/x86_64-redhat-linux/4.9.1/../../../../x86_64-redhat-linux/lib] ==> [/spin1/sys2/usrlocal/GCC/4.9.1/x86_64-redhat-linux/lib]
  collapse library dir [/spin1/sys2/usrlocal/GCC/4.9.1/bin/../lib/gcc/x86_64-redhat-linux/4.9.1/../../..] ==> [/spin1/sys2/usrlocal/GCC/4.9.1/lib]
  implicit libs: [stdc++;m;c]
  implicit dirs: [/spin1/sys2/usrlocal/GCC/4.9.1/lib/gcc/x86_64-redhat-linux/4.9.1;/spin1/sys2/usrlocal/GCC/4.9.1/lib/gcc;/spin1/sys2/usrlocal/GCC/4.9.1/lib64;/lib64;/usr/lib64;/usr/local/ATLAS/3.10.2/lib;/usr/local/FFTW/3.3.4/gnu/lib;/spin1/sys2/usrlocal/GCC/4.9.1/x86_64-redhat-linux/lib;/spin1/sys2/usrlocal/GCC/4.9.1/lib]
  implicit fwks: []




Detecting CXX [-std=c++14] compiler features compiled with the following output:
Change Dir: /data/ruida/hed-globalweight/python/CMakeFiles/CMakeTmp

Run Build Command:"/usr/bin/gmake" "cmTC_dcf39/fast"
/usr/bin/gmake -f CMakeFiles/cmTC_dcf39.dir/build.make CMakeFiles/cmTC_dcf39.dir/build
gmake[1]: Entering directory `/spin1/users/ruida/hed-globalweight/python/CMakeFiles/CMakeTmp'
Building CXX object CMakeFiles/cmTC_dcf39.dir/feature_tests.cxx.o
/usr/local/GCC/4.9.1/bin/g++     -std=c++14 -o CMakeFiles/cmTC_dcf39.dir/feature_tests.cxx.o -c /data/ruida/hed-globalweight/python/CMakeFiles/feature_tests.cxx
Linking CXX executable cmTC_dcf39
/spin1/sys2/usrlocal/Cmake/3.4.3/bin/cmake -E cmake_link_script CMakeFiles/cmTC_dcf39.dir/link.txt --verbose=1
/usr/local/GCC/4.9.1/bin/g++        CMakeFiles/cmTC_dcf39.dir/feature_tests.cxx.o  -o cmTC_dcf39 -rdynamic 
gmake[1]: Leaving directory `/spin1/users/ruida/hed-globalweight/python/CMakeFiles/CMakeTmp'


    Feature record: CXX_FEATURE:0cxx_aggregate_default_initializers
    Feature record: CXX_FEATURE:1cxx_alias_templates
    Feature record: CXX_FEATURE:1cxx_alignas
    Feature record: CXX_FEATURE:1cxx_alignof
    Feature record: CXX_FEATURE:1cxx_attributes
    Feature record: CXX_FEATURE:1cxx_attribute_deprecated
    Feature record: CXX_FEATURE:1cxx_auto_type
    Feature record: CXX_FEATURE:1cxx_binary_literals
    Feature record: CXX_FEATURE:1cxx_constexpr
    Feature record: CXX_FEATURE:1cxx_contextual_conversions
    Feature record: CXX_FEATURE:1cxx_decltype
    Feature record: CXX_FEATURE:1cxx_decltype_auto
    Feature record: CXX_FEATURE:1cxx_decltype_incomplete_return_types
    Feature record: CXX_FEATURE:1cxx_default_function_template_args
    Feature record: CXX_FEATURE:1cxx_defaulted_functions
    Feature record: CXX_FEATURE:1cxx_defaulted_move_initializers
    Feature record: CXX_FEATURE:1cxx_delegating_constructors
    Feature record: CXX_FEATURE:1cxx_deleted_functions
    Feature record: CXX_FEATURE:1cxx_digit_separators
    Feature record: CXX_FEATURE:1cxx_enum_forward_declarations
    Feature record: CXX_FEATURE:1cxx_explicit_conversions
    Feature record: CXX_FEATURE:1cxx_extended_friend_declarations
    Feature record: CXX_FEATURE:1cxx_extern_templates
    Feature record: CXX_FEATURE:1cxx_final
    Feature record: CXX_FEATURE:1cxx_func_identifier
    Feature record: CXX_FEATURE:1cxx_generalized_initializers
    Feature record: CXX_FEATURE:1cxx_generic_lambdas
    Feature record: CXX_FEATURE:1cxx_inheriting_constructors
    Feature record: CXX_FEATURE:1cxx_inline_namespaces
    Feature record: CXX_FEATURE:1cxx_lambdas
    Feature record: CXX_FEATURE:1cxx_lambda_init_captures
    Feature record: CXX_FEATURE:1cxx_local_type_template_args
    Feature record: CXX_FEATURE:1cxx_long_long_type
    Feature record: CXX_FEATURE:1cxx_noexcept
    Feature record: CXX_FEATURE:1cxx_nonstatic_member_init
    Feature record: CXX_FEATURE:1cxx_nullptr
    Feature record: CXX_FEATURE:1cxx_override
    Feature record: CXX_FEATURE:1cxx_range_for
    Feature record: CXX_FEATURE:1cxx_raw_string_literals
    Feature record: CXX_FEATURE:1cxx_reference_qualified_functions
    Feature record: CXX_FEATURE:0cxx_relaxed_constexpr
    Feature record: CXX_FEATURE:1cxx_return_type_deduction
    Feature record: CXX_FEATURE:1cxx_right_angle_brackets
    Feature record: CXX_FEATURE:1cxx_rvalue_references
    Feature record: CXX_FEATURE:1cxx_sizeof_member
    Feature record: CXX_FEATURE:1cxx_static_assert
    Feature record: CXX_FEATURE:1cxx_strong_enums
    Feature record: CXX_FEATURE:1cxx_template_template_parameters
    Feature record: CXX_FEATURE:1cxx_thread_local
    Feature record: CXX_FEATURE:1cxx_trailing_return_types
    Feature record: CXX_FEATURE:1cxx_unicode_literals
    Feature record: CXX_FEATURE:1cxx_uniform_initialization
    Feature record: CXX_FEATURE:1cxx_unrestricted_unions
    Feature record: CXX_FEATURE:1cxx_user_literals
    Feature record: CXX_FEATURE:0cxx_variable_templates
    Feature record: CXX_FEATURE:1cxx_variadic_macros
    Feature record: CXX_FEATURE:1cxx_variadic_templates


Detecting CXX [-std=c++11] compiler features compiled with the following output:
Change Dir: /data/ruida/hed-globalweight/python/CMakeFiles/CMakeTmp

Run Build Command:"/usr/bin/gmake" "cmTC_f644a/fast"
/usr/bin/gmake -f CMakeFiles/cmTC_f644a.dir/build.make CMakeFiles/cmTC_f644a.dir/build
gmake[1]: Entering directory `/spin1/users/ruida/hed-globalweight/python/CMakeFiles/CMakeTmp'
Building CXX object CMakeFiles/cmTC_f644a.dir/feature_tests.cxx.o
/usr/local/GCC/4.9.1/bin/g++     -std=c++11 -o CMakeFiles/cmTC_f644a.dir/feature_tests.cxx.o -c /data/ruida/hed-globalweight/python/CMakeFiles/feature_tests.cxx
Linking CXX executable cmTC_f644a
/spin1/sys2/usrlocal/Cmake/3.4.3/bin/cmake -E cmake_link_script CMakeFiles/cmTC_f644a.dir/link.txt --verbose=1
/usr/local/GCC/4.9.1/bin/g++        CMakeFiles/cmTC_f644a.dir/feature_tests.cxx.o  -o cmTC_f644a -rdynamic 
gmake[1]: Leaving directory `/spin1/users/ruida/hed-globalweight/python/CMakeFiles/CMakeTmp'


    Feature record: CXX_FEATURE:0cxx_aggregate_default_initializers
    Feature record: CXX_FEATURE:1cxx_alias_templates
    Feature record: CXX_FEATURE:1cxx_alignas
    Feature record: CXX_FEATURE:1cxx_alignof
    Feature record: CXX_FEATURE:1cxx_attributes
    Feature record: CXX_FEATURE:0cxx_attribute_deprecated
    Feature record: CXX_FEATURE:1cxx_auto_type
    Feature record: CXX_FEATURE:0cxx_binary_literals
    Feature record: CXX_FEATURE:1cxx_constexpr
    Feature record: CXX_FEATURE:0cxx_contextual_conversions
    Feature record: CXX_FEATURE:1cxx_decltype
    Feature record: CXX_FEATURE:0cxx_decltype_auto
    Feature record: CXX_FEATURE:1cxx_decltype_incomplete_return_types
    Feature record: CXX_FEATURE:1cxx_default_function_template_args
    Feature record: CXX_FEATURE:1cxx_defaulted_functions
    Feature record: CXX_FEATURE:1cxx_defaulted_move_initializers
    Feature record: CXX_FEATURE:1cxx_delegating_constructors
    Feature record: CXX_FEATURE:1cxx_deleted_functions
    Feature record: CXX_FEATURE:0cxx_digit_separators
    Feature record: CXX_FEATURE:1cxx_enum_forward_declarations
    Feature record: CXX_FEATURE:1cxx_explicit_conversions
    Feature record: CXX_FEATURE:1cxx_extended_friend_declarations
    Feature record: CXX_FEATURE:1cxx_extern_templates
    Feature record: CXX_FEATURE:1cxx_final
    Feature record: CXX_FEATURE:1cxx_func_identifier
    Feature record: CXX_FEATURE:1cxx_generalized_initializers
    Feature record: CXX_FEATURE:0cxx_generic_lambdas
    Feature record: CXX_FEATURE:1cxx_inheriting_constructors
    Feature record: CXX_FEATURE:1cxx_inline_namespaces
    Feature record: CXX_FEATURE:1cxx_lambdas
    Feature record: CXX_FEATURE:0cxx_lambda_init_captures
    Feature record: CXX_FEATURE:1cxx_local_type_template_args
    Feature record: CXX_FEATURE:1cxx_long_long_type
    Feature record: CXX_FEATURE:1cxx_noexcept
    Feature record: CXX_FEATURE:1cxx_nonstatic_member_init
    Feature record: CXX_FEATURE:1cxx_nullptr
    Feature record: CXX_FEATURE:1cxx_override
    Feature record: CXX_FEATURE:1cxx_range_for
    Feature record: CXX_FEATURE:1cxx_raw_string_literals
    Feature record: CXX_FEATURE:1cxx_reference_qualified_functions
    Feature record: CXX_FEATURE:0cxx_relaxed_constexpr
    Feature record: CXX_FEATURE:0cxx_return_type_deduction
    Feature record: CXX_FEATURE:1cxx_right_angle_brackets
    Feature record: CXX_FEATURE:1cxx_rvalue_references
    Feature record: CXX_FEATURE:1cxx_sizeof_member
    Feature record: CXX_FEATURE:1cxx_static_assert
    Feature record: CXX_FEATURE:1cxx_strong_enums
    Feature record: CXX_FEATURE:1cxx_template_template_parameters
    Feature record: CXX_FEATURE:1cxx_thread_local
    Feature record: CXX_FEATURE:1cxx_trailing_return_types
    Feature record: CXX_FEATURE:1cxx_unicode_literals
    Feature record: CXX_FEATURE:1cxx_uniform_initialization
    Feature record: CXX_FEATURE:1cxx_unrestricted_unions
    Feature record: CXX_FEATURE:1cxx_user_literals
    Feature record: CXX_FEATURE:0cxx_variable_templates
    Feature record: CXX_FEATURE:1cxx_variadic_macros
    Feature record: CXX_FEATURE:1cxx_variadic_templates


Detecting CXX [-std=c++98] compiler features compiled with the following output:
Change Dir: /data/ruida/hed-globalweight/python/CMakeFiles/CMakeTmp

Run Build Command:"/usr/bin/gmake" "cmTC_22b5b/fast"
/usr/bin/gmake -f CMakeFiles/cmTC_22b5b.dir/build.make CMakeFiles/cmTC_22b5b.dir/build
gmake[1]: Entering directory `/spin1/users/ruida/hed-globalweight/python/CMakeFiles/CMakeTmp'
Building CXX object CMakeFiles/cmTC_22b5b.dir/feature_tests.cxx.o
/usr/local/GCC/4.9.1/bin/g++     -std=c++98 -o CMakeFiles/cmTC_22b5b.dir/feature_tests.cxx.o -c /data/ruida/hed-globalweight/python/CMakeFiles/feature_tests.cxx
Linking CXX executable cmTC_22b5b
/spin1/sys2/usrlocal/Cmake/3.4.3/bin/cmake -E cmake_link_script CMakeFiles/cmTC_22b5b.dir/link.txt --verbose=1
/usr/local/GCC/4.9.1/bin/g++        CMakeFiles/cmTC_22b5b.dir/feature_tests.cxx.o  -o cmTC_22b5b -rdynamic 
gmake[1]: Leaving directory `/spin1/users/ruida/hed-globalweight/python/CMakeFiles/CMakeTmp'


    Feature record: CXX_FEATURE:0cxx_aggregate_default_initializers
    Feature record: CXX_FEATURE:0cxx_alias_templates
    Feature record: CXX_FEATURE:0cxx_alignas
    Feature record: CXX_FEATURE:0cxx_alignof
    Feature record: CXX_FEATURE:0cxx_attributes
    Feature record: CXX_FEATURE:0cxx_attribute_deprecated
    Feature record: CXX_FEATURE:0cxx_auto_type
    Feature record: CXX_FEATURE:0cxx_binary_literals
    Feature record: CXX_FEATURE:0cxx_constexpr
    Feature record: CXX_FEATURE:0cxx_contextual_conversions
    Feature record: CXX_FEATURE:0cxx_decltype
    Feature record: CXX_FEATURE:0cxx_decltype_auto
    Feature record: CXX_FEATURE:0cxx_decltype_incomplete_return_types
    Feature record: CXX_FEATURE:0cxx_default_function_template_args
    Feature record: CXX_FEATURE:0cxx_defaulted_functions
    Feature record: CXX_FEATURE:0cxx_defaulted_move_initializers
    Feature record: CXX_FEATURE:0cxx_delegating_constructors
    Feature record: CXX_FEATURE:0cxx_deleted_functions
    Feature record: CXX_FEATURE:0cxx_digit_separators
    Feature record: CXX_FEATURE:0cxx_enum_forward_declarations
    Feature record: CXX_FEATURE:0cxx_explicit_conversions
    Feature record: CXX_FEATURE:0cxx_extended_friend_declarations
    Feature record: CXX_FEATURE:0cxx_extern_templates
    Feature record: CXX_FEATURE:0cxx_final
    Feature record: CXX_FEATURE:0cxx_func_identifier
    Feature record: CXX_FEATURE:0cxx_generalized_initializers
    Feature record: CXX_FEATURE:0cxx_generic_lambdas
    Feature record: CXX_FEATURE:0cxx_inheriting_constructors
    Feature record: CXX_FEATURE:0cxx_inline_namespaces
    Feature record: CXX_FEATURE:0cxx_lambdas
    Feature record: CXX_FEATURE:0cxx_lambda_init_captures
    Feature record: CXX_FEATURE:0cxx_local_type_template_args
    Feature record: CXX_FEATURE:0cxx_long_long_type
    Feature record: CXX_FEATURE:0cxx_noexcept
    Feature record: CXX_FEATURE:0cxx_nonstatic_member_init
    Feature record: CXX_FEATURE:0cxx_nullptr
    Feature record: CXX_FEATURE:0cxx_override
    Feature record: CXX_FEATURE:0cxx_range_for
    Feature record: CXX_FEATURE:0cxx_raw_string_literals
    Feature record: CXX_FEATURE:0cxx_reference_qualified_functions
    Feature record: CXX_FEATURE:0cxx_relaxed_constexpr
    Feature record: CXX_FEATURE:0cxx_return_type_deduction
    Feature record: CXX_FEATURE:0cxx_right_angle_brackets
    Feature record: CXX_FEATURE:0cxx_rvalue_references
    Feature record: CXX_FEATURE:0cxx_sizeof_member
    Feature record: CXX_FEATURE:0cxx_static_assert
    Feature record: CXX_FEATURE:0cxx_strong_enums
    Feature record: CXX_FEATURE:1cxx_template_template_parameters
    Feature record: CXX_FEATURE:0cxx_thread_local
    Feature record: CXX_FEATURE:0cxx_trailing_return_types
    Feature record: CXX_FEATURE:0cxx_unicode_literals
    Feature record: CXX_FEATURE:0cxx_uniform_initialization
    Feature record: CXX_FEATURE:0cxx_unrestricted_unions
    Feature record: CXX_FEATURE:0cxx_user_literals
    Feature record: CXX_FEATURE:0cxx_variable_templates
    Feature record: CXX_FEATURE:0cxx_variadic_macros
    Feature record: CXX_FEATURE:0cxx_variadic_templates
Determining if the include file pthread.h exists passed with the following output:
Change Dir: /data/ruida/hed-globalweight/python/CMakeFiles/CMakeTmp

Run Build Command:"/usr/bin/gmake" "cmTC_594b6/fast"
/usr/bin/gmake -f CMakeFiles/cmTC_594b6.dir/build.make CMakeFiles/cmTC_594b6.dir/build
gmake[1]: Entering directory `/spin1/users/ruida/hed-globalweight/python/CMakeFiles/CMakeTmp'
Building C object CMakeFiles/cmTC_594b6.dir/CheckIncludeFile.c.o
/usr/local/GCC/4.9.1/bin/gcc     -o CMakeFiles/cmTC_594b6.dir/CheckIncludeFile.c.o   -c /data/ruida/hed-globalweight/python/CMakeFiles/CMakeTmp/CheckIncludeFile.c
Linking C executable cmTC_594b6
/spin1/sys2/usrlocal/Cmake/3.4.3/bin/cmake -E cmake_link_script CMakeFiles/cmTC_594b6.dir/link.txt --verbose=1
/usr/local/GCC/4.9.1/bin/gcc       CMakeFiles/cmTC_594b6.dir/CheckIncludeFile.c.o  -o cmTC_594b6 -rdynamic 
gmake[1]: Leaving directory `/spin1/users/ruida/hed-globalweight/python/CMakeFiles/CMakeTmp'


Determining if the function pthread_create exists in the pthread passed with the following output:
Change Dir: /data/ruida/hed-globalweight/python/CMakeFiles/CMakeTmp

Run Build Command:"/usr/bin/gmake" "cmTC_b4f53/fast"
/usr/bin/gmake -f CMakeFiles/cmTC_b4f53.dir/build.make CMakeFiles/cmTC_b4f53.dir/build
gmake[1]: Entering directory `/spin1/users/ruida/hed-globalweight/python/CMakeFiles/CMakeTmp'
Building C object CMakeFiles/cmTC_b4f53.dir/CheckFunctionExists.c.o
/usr/local/GCC/4.9.1/bin/gcc    -DCHECK_FUNCTION_EXISTS=pthread_create   -o CMakeFiles/cmTC_b4f53.dir/CheckFunctionExists.c.o   -c /spin1/sys2/usrlocal/Cmake/3.4.3/share/cmake-3.4/Modules/CheckFunctionExists.c
Linking C executable cmTC_b4f53
/spin1/sys2/usrlocal/Cmake/3.4.3/bin/cmake -E cmake_link_script CMakeFiles/cmTC_b4f53.dir/link.txt --verbose=1
/usr/local/GCC/4.9.1/bin/gcc   -DCHECK_FUNCTION_EXISTS=pthread_create    CMakeFiles/cmTC_b4f53.dir/CheckFunctionExists.c.o  -o cmTC_b4f53 -rdynamic -lpthread 
gmake[1]: Leaving directory `/spin1/users/ruida/hed-globalweight/python/CMakeFiles/CMakeTmp'


