Determining if the pthread_create exist failed with the following output:
Change Dir: /data/ruida/hed-globalweight/python/CMakeFiles/CMakeTmp

Run Build Command:"/usr/bin/gmake" "cmTC_2cc2e/fast"
/usr/bin/gmake -f CMakeFiles/cmTC_2cc2e.dir/build.make CMakeFiles/cmTC_2cc2e.dir/build
gmake[1]: Entering directory `/spin1/users/ruida/hed-globalweight/python/CMakeFiles/CMakeTmp'
Building C object CMakeFiles/cmTC_2cc2e.dir/CheckSymbolExists.c.o
/usr/local/GCC/4.9.1/bin/gcc     -o CMakeFiles/cmTC_2cc2e.dir/CheckSymbolExists.c.o   -c /data/ruida/hed-globalweight/python/CMakeFiles/CMakeTmp/CheckSymbolExists.c
Linking C executable cmTC_2cc2e
/spin1/sys2/usrlocal/Cmake/3.4.3/bin/cmake -E cmake_link_script CMakeFiles/cmTC_2cc2e.dir/link.txt --verbose=1
/usr/local/GCC/4.9.1/bin/gcc       CMakeFiles/cmTC_2cc2e.dir/CheckSymbolExists.c.o  -o cmTC_2cc2e -rdynamic 
CMakeFiles/cmTC_2cc2e.dir/CheckSymbolExists.c.o: In function `main':
CheckSymbolExists.c:(.text+0x16): undefined reference to `pthread_create'
collect2: error: ld returned 1 exit status
gmake[1]: *** [cmTC_2cc2e] Error 1
gmake[1]: Leaving directory `/spin1/users/ruida/hed-globalweight/python/CMakeFiles/CMakeTmp'
gmake: *** [cmTC_2cc2e/fast] Error 2

File /data/ruida/hed-globalweight/python/CMakeFiles/CMakeTmp/CheckSymbolExists.c:
/* */
#include <pthread.h>

int main(int argc, char** argv)
{
  (void)argv;
#ifndef pthread_create
  return ((int*)(&pthread_create))[argc];
#else
  (void)argc;
  return 0;
#endif
}

Determining if the function pthread_create exists in the pthreads failed with the following output:
Change Dir: /data/ruida/hed-globalweight/python/CMakeFiles/CMakeTmp

Run Build Command:"/usr/bin/gmake" "cmTC_0a1d5/fast"
/usr/bin/gmake -f CMakeFiles/cmTC_0a1d5.dir/build.make CMakeFiles/cmTC_0a1d5.dir/build
gmake[1]: Entering directory `/spin1/users/ruida/hed-globalweight/python/CMakeFiles/CMakeTmp'
Building C object CMakeFiles/cmTC_0a1d5.dir/CheckFunctionExists.c.o
/usr/local/GCC/4.9.1/bin/gcc    -DCHECK_FUNCTION_EXISTS=pthread_create   -o CMakeFiles/cmTC_0a1d5.dir/CheckFunctionExists.c.o   -c /spin1/sys2/usrlocal/Cmake/3.4.3/share/cmake-3.4/Modules/CheckFunctionExists.c
Linking C executable cmTC_0a1d5
/spin1/sys2/usrlocal/Cmake/3.4.3/bin/cmake -E cmake_link_script CMakeFiles/cmTC_0a1d5.dir/link.txt --verbose=1
/usr/local/GCC/4.9.1/bin/gcc   -DCHECK_FUNCTION_EXISTS=pthread_create    CMakeFiles/cmTC_0a1d5.dir/CheckFunctionExists.c.o  -o cmTC_0a1d5 -rdynamic -lpthreads 
/spin1/sys2/usrlocal/GCC/4.9.1/bin/../lib/gcc/x86_64-redhat-linux/4.9.1/../../../../x86_64-redhat-linux/bin/ld: cannot find -lpthreads
collect2: error: ld returned 1 exit status
gmake[1]: *** [cmTC_0a1d5] Error 1
gmake[1]: Leaving directory `/spin1/users/ruida/hed-globalweight/python/CMakeFiles/CMakeTmp'
gmake: *** [cmTC_0a1d5/fast] Error 2


